c:\users\ljx\documents\visual studio 2017\projects\sort\sort\debug\vc141.pdb
c:\users\ljx\documents\visual studio 2017\projects\sort\sort\debug\vc141.idb
c:\users\ljx\documents\visual studio 2017\projects\sort\sort\debug\binary_search.obj
c:\users\ljx\documents\visual studio 2017\projects\sort\sort\debug\bubble_sort.obj
c:\users\ljx\documents\visual studio 2017\projects\sort\sort\debug\heap_sort.obj
c:\users\ljx\documents\visual studio 2017\projects\sort\sort\debug\insert_sort.obj
c:\users\ljx\documents\visual studio 2017\projects\sort\sort\debug\main.obj
c:\users\ljx\documents\visual studio 2017\projects\sort\sort\debug\merge_sort.obj
c:\users\ljx\documents\visual studio 2017\projects\sort\sort\debug\print.obj
c:\users\ljx\documents\visual studio 2017\projects\sort\sort\debug\qsort.obj
c:\users\ljx\documents\visual studio 2017\projects\sort\sort\debug\select_sort.obj
c:\users\ljx\documents\visual studio 2017\projects\sort\sort\debug\setrandarr.obj
c:\users\ljx\documents\visual studio 2017\projects\sort\sort\debug\sort_test.obj
c:\users\ljx\documents\visual studio 2017\projects\sort\sort\debug\stl_test.obj
c:\users\ljx\documents\visual studio 2017\projects\sort\sort\debug\swap.obj
c:\users\ljx\documents\visual studio 2017\projects\sort\debug\sort.ilk
c:\users\ljx\documents\visual studio 2017\projects\sort\debug\sort.exe
c:\users\ljx\documents\visual studio 2017\projects\sort\debug\sort.pdb
c:\users\ljx\documents\visual studio 2017\projects\sort\sort\debug\sort.tlog\cl.command.1.tlog
c:\users\ljx\documents\visual studio 2017\projects\sort\sort\debug\sort.tlog\cl.read.1.tlog
c:\users\ljx\documents\visual studio 2017\projects\sort\sort\debug\sort.tlog\cl.write.1.tlog
c:\users\ljx\documents\visual studio 2017\projects\sort\sort\debug\sort.tlog\link.command.1.tlog
c:\users\ljx\documents\visual studio 2017\projects\sort\sort\debug\sort.tlog\link.read.1.tlog
c:\users\ljx\documents\visual studio 2017\projects\sort\sort\debug\sort.tlog\link.write.1.tlog
